<?xml version="1.0" encoding="UTF-8"?>
<testng-results ignored="0" total="1" passed="1" failed="0" skipped="0">
  <reporter-output>
  </reporter-output>
  <suite started-at="2023-07-09T11:22:11 EDT" name="Default suite" finished-at="2023-07-09T11:22:44 EDT" duration-ms="33092">
    <groups>
    </groups>
    <test started-at="2023-07-09T11:22:11 EDT" name="Default test" finished-at="2023-07-09T11:22:44 EDT" duration-ms="33092">
      <class name="testCases.ScreenTest">
        <test-method is-config="true" signature="setup()[pri:0, instance:testCases.ScreenTest@536f2a7e]" started-at="2023-07-09T11:22:11 EDT" name="setup" finished-at="2023-07-09T11:22:13 EDT" duration-ms="2280" status="PASS">
          <reporter-output>
          </reporter-output>
        </test-method> <!-- setup -->
        <test-method is-config="true" signature="initiate()[pri:0, instance:testCases.ScreenTest@536f2a7e]" started-at="2023-07-09T11:22:13 EDT" name="initiate" finished-at="2023-07-09T11:22:13 EDT" depends-on-methods="base.BaseTest.setup" duration-ms="3" status="PASS">
          <reporter-output>
          </reporter-output>
        </test-method> <!-- initiate -->
        <test-method signature="searchAndCartTest()[pri:0, instance:testCases.ScreenTest@536f2a7e]" started-at="2023-07-09T11:22:13 EDT" name="searchAndCartTest" finished-at="2023-07-09T11:22:44 EDT" duration-ms="30650" status="PASS">
          <reporter-output>
          </reporter-output>
        </test-method> <!-- searchAndCartTest -->
        <test-method is-config="true" signature="teardown()[pri:0, instance:testCases.ScreenTest@536f2a7e]" started-at="2023-07-09T11:22:44 EDT" name="teardown" finished-at="2023-07-09T11:22:44 EDT" duration-ms="133" status="PASS">
          <reporter-output>
          </reporter-output>
        </test-method> <!-- teardown -->
      </class> <!-- testCases.ScreenTest -->
    </test> <!-- Default test -->
  </suite> <!-- Default suite -->
</testng-results>
